Build started 12/23/2016 1:04:27 PM.
     1>Project "I:\WS-Linux\Linux_course_design\Scarb_file_sys\file_sys\file_sys.vcxproj" on node 2 (Build target(s)).
     1>ClCompile:
         E:\Microsoft Visual Studio 14.0\VC\bin\CL.exe /c /ZI /nologo /W3 /WX- /sdl /Od /Oy- /D _MBCS /Gm /EHsc /RTC1 /MDd /GS /fp:precise /Zc:wchar_t /Zc:forScope /Zc:inline /Fo"Debug\\" /Fd"Debug\vc140.pdb" /Gd /TP /analyze- /errorReport:prompt Source.cpp
         Source.cpp
     1>i:\ws-linux\linux_course_design\scarb_file_sys\file_sys\source.cpp(578): warning C4018: '>': signed/unsigned mismatch
     1>i:\ws-linux\linux_course_design\scarb_file_sys\file_sys\source.cpp(660): warning C4018: '<': signed/unsigned mismatch
     1>i:\ws-linux\linux_course_design\scarb_file_sys\file_sys\source.cpp(671): warning C4018: '<': signed/unsigned mismatch
     1>i:\ws-linux\linux_course_design\scarb_file_sys\file_sys\source.cpp(776): warning C4018: '<': signed/unsigned mismatch
     1>i:\ws-linux\linux_course_design\scarb_file_sys\file_sys\source.cpp(791): warning C4018: '<': signed/unsigned mismatch
     1>i:\ws-linux\linux_course_design\scarb_file_sys\file_sys\source.cpp(844): warning C4018: '<': signed/unsigned mismatch
     1>i:\ws-linux\linux_course_design\scarb_file_sys\file_sys\source.cpp(917): warning C4018: '<': signed/unsigned mismatch
     1>i:\ws-linux\linux_course_design\scarb_file_sys\file_sys\source.cpp(928): warning C4018: '<': signed/unsigned mismatch
     1>i:\ws-linux\linux_course_design\scarb_file_sys\file_sys\source.cpp(1004): warning C4018: '<': signed/unsigned mismatch
     1>i:\ws-linux\linux_course_design\scarb_file_sys\file_sys\source.cpp(1077): warning C4018: '<': signed/unsigned mismatch
       Link:
         E:\Microsoft Visual Studio 14.0\VC\bin\link.exe /ERRORREPORT:PROMPT /OUT:"I:\WS-Linux\Linux_course_design\Scarb_file_sys\Debug\file_sys.exe" /INCREMENTAL /NOLOGO kernel32.lib user32.lib gdi32.lib winspool.lib comdlg32.lib advapi32.lib shell32.lib ole32.lib oleaut32.lib uuid.lib odbc32.lib odbccp32.lib /MANIFEST /MANIFESTUAC:"level='asInvoker' uiAccess='false'" /manifest:embed /Debug /PDB:"I:\WS-Linux\Linux_course_design\Scarb_file_sys\Debug\file_sys.pdb" /TLBID:1 /DYNAMICBASE /NXCOMPAT /IMPLIB:"I:\WS-Linux\Linux_course_design\Scarb_file_sys\Debug\file_sys.lib" /MACHINE:X86 Debug\Source.obj
         file_sys.vcxproj -> I:\WS-Linux\Linux_course_design\Scarb_file_sys\Debug\file_sys.exe
     1>Done Building Project "I:\WS-Linux\Linux_course_design\Scarb_file_sys\file_sys\file_sys.vcxproj" (Build target(s)).

Build succeeded.

Time Elapsed 00:00:00.66
